Determining if the include file sys/filio.h exists failed with the following output:
Change Dir: /home/dsc/sw/jrtplib2/build/CMakeFiles/CMakeTmp

Run Build Command:"/usr/bin/make" "cmTC_0aa4d/fast"
/usr/bin/make -f CMakeFiles/cmTC_0aa4d.dir/build.make CMakeFiles/cmTC_0aa4d.dir/build
make[1]: Entering directory '/home/dsc/sw/jrtplib2/build/CMakeFiles/CMakeTmp'
Building CXX object CMakeFiles/cmTC_0aa4d.dir/CheckIncludeFile.cxx.o
/usr/bin/c++     -o CMakeFiles/cmTC_0aa4d.dir/CheckIncludeFile.cxx.o -c /home/dsc/sw/jrtplib2/build/CMakeFiles/CMakeTmp/CheckIncludeFile.cxx
/home/dsc/sw/jrtplib2/build/CMakeFiles/CMakeTmp/CheckIncludeFile.cxx:1:23: fatal error: sys/filio.h: No such file or directory
 #include <sys/filio.h>
                       ^
compilation terminated.
CMakeFiles/cmTC_0aa4d.dir/build.make:65: recipe for target 'CMakeFiles/cmTC_0aa4d.dir/CheckIncludeFile.cxx.o' failed
make[1]: *** [CMakeFiles/cmTC_0aa4d.dir/CheckIncludeFile.cxx.o] Error 1
make[1]: Leaving directory '/home/dsc/sw/jrtplib2/build/CMakeFiles/CMakeTmp'
Makefile:126: recipe for target 'cmTC_0aa4d/fast' failed
make: *** [cmTC_0aa4d/fast] Error 2


Determining if the include file sys/sockio.h exists failed with the following output:
Change Dir: /home/dsc/sw/jrtplib2/build/CMakeFiles/CMakeTmp

Run Build Command:"/usr/bin/make" "cmTC_4132d/fast"
/usr/bin/make -f CMakeFiles/cmTC_4132d.dir/build.make CMakeFiles/cmTC_4132d.dir/build
make[1]: Entering directory '/home/dsc/sw/jrtplib2/build/CMakeFiles/CMakeTmp'
Building CXX object CMakeFiles/cmTC_4132d.dir/CheckIncludeFile.cxx.o
/usr/bin/c++     -o CMakeFiles/cmTC_4132d.dir/CheckIncludeFile.cxx.o -c /home/dsc/sw/jrtplib2/build/CMakeFiles/CMakeTmp/CheckIncludeFile.cxx
/home/dsc/sw/jrtplib2/build/CMakeFiles/CMakeTmp/CheckIncludeFile.cxx:1:24: fatal error: sys/sockio.h: No such file or directory
 #include <sys/sockio.h>
                        ^
compilation terminated.
CMakeFiles/cmTC_4132d.dir/build.make:65: recipe for target 'CMakeFiles/cmTC_4132d.dir/CheckIncludeFile.cxx.o' failed
make[1]: *** [CMakeFiles/cmTC_4132d.dir/CheckIncludeFile.cxx.o] Error 1
make[1]: Leaving directory '/home/dsc/sw/jrtplib2/build/CMakeFiles/CMakeTmp'
Makefile:126: recipe for target 'cmTC_4132d/fast' failed
make: *** [cmTC_4132d/fast] Error 2


Performing C++ SOURCE FILE Test JRTPLIB_SNPRINTF_S failed with the following output:
Change Dir: /home/dsc/sw/jrtplib2/build/CMakeFiles/CMakeTmp

Run Build Command:"/usr/bin/make" "cmTC_07b21/fast"
/usr/bin/make -f CMakeFiles/cmTC_07b21.dir/build.make CMakeFiles/cmTC_07b21.dir/build
make[1]: Entering directory '/home/dsc/sw/jrtplib2/build/CMakeFiles/CMakeTmp'
Building CXX object CMakeFiles/cmTC_07b21.dir/src.cxx.o
/usr/bin/c++    -DJRTPLIB_SNPRINTF_S   -o CMakeFiles/cmTC_07b21.dir/src.cxx.o -c /home/dsc/sw/jrtplib2/build/CMakeFiles/CMakeTmp/src.cxx
/home/dsc/sw/jrtplib2/build/CMakeFiles/CMakeTmp/src.cxx:1:21: fatal error: windows.h: No such file or directory
 #include <windows.h>
                     ^
compilation terminated.
CMakeFiles/cmTC_07b21.dir/build.make:65: recipe for target 'CMakeFiles/cmTC_07b21.dir/src.cxx.o' failed
make[1]: *** [CMakeFiles/cmTC_07b21.dir/src.cxx.o] Error 1
make[1]: Leaving directory '/home/dsc/sw/jrtplib2/build/CMakeFiles/CMakeTmp'
Makefile:126: recipe for target 'cmTC_07b21/fast' failed
make: *** [cmTC_07b21/fast] Error 2

Source file was:
#include <windows.h>
#include <stdio.h>
int main(void) { char s[1024]; _snprintf_s(s, 1024,"%d", 10);
  return 0; }
Performing C++ SOURCE FILE Test JRTPLIB_SNPRINTF failed with the following output:
Change Dir: /home/dsc/sw/jrtplib2/build/CMakeFiles/CMakeTmp

Run Build Command:"/usr/bin/make" "cmTC_28f69/fast"
/usr/bin/make -f CMakeFiles/cmTC_28f69.dir/build.make CMakeFiles/cmTC_28f69.dir/build
make[1]: Entering directory '/home/dsc/sw/jrtplib2/build/CMakeFiles/CMakeTmp'
Building CXX object CMakeFiles/cmTC_28f69.dir/src.cxx.o
/usr/bin/c++    -DJRTPLIB_SNPRINTF   -o CMakeFiles/cmTC_28f69.dir/src.cxx.o -c /home/dsc/sw/jrtplib2/build/CMakeFiles/CMakeTmp/src.cxx
/home/dsc/sw/jrtplib2/build/CMakeFiles/CMakeTmp/src.cxx:1:21: fatal error: windows.h: No such file or directory
 #include <windows.h>
                     ^
compilation terminated.
CMakeFiles/cmTC_28f69.dir/build.make:65: recipe for target 'CMakeFiles/cmTC_28f69.dir/src.cxx.o' failed
make[1]: *** [CMakeFiles/cmTC_28f69.dir/src.cxx.o] Error 1
make[1]: Leaving directory '/home/dsc/sw/jrtplib2/build/CMakeFiles/CMakeTmp'
Makefile:126: recipe for target 'cmTC_28f69/fast' failed
make: *** [cmTC_28f69/fast] Error 2

Source file was:
#include <windows.h>
#include <stdio.h>
int main(void) { char s[1024]; _snprintf(s, 1024,"%d", 10);
  return 0; }
